Using pre-set license
Built from '2022.1/staging' branch; Version is '2022.1.14f1 (ff7e140968b4) revision 16743956'; Using compiler version '192829333'; Build Type 'Release'
OS: 'Windows 10  (10.0.19044) 64bit Professional' Language: 'es' Physical Memory: 15754 MB
BatchMode: 1, IsHumanControllingUs: 0, StartBugReporterOnCrash: 0, Is64bit: 1, IsPro: 1

COMMAND LINE ARGUMENTS:
C:\Unity\2022.1.14f1\Editor\Unity.exe
-adb2
-batchMode
-noUpm
-name
AssetImportWorker5
-projectPath
C:/Users/migue/OneDrive/Documentos/GitHub/G4-MAP-P1
-logFile
Logs/AssetImportWorker5.log
-srvPort
56319
Successfully changed project path to: C:/Users/migue/OneDrive/Documentos/GitHub/G4-MAP-P1
C:/Users/migue/OneDrive/Documentos/GitHub/G4-MAP-P1
[UnityMemory] Configuration Parameters - Can be set up in boot.config
    "memorysetup-bucket-allocator-granularity=16"
    "memorysetup-bucket-allocator-bucket-count=8"
    "memorysetup-bucket-allocator-block-size=33554432"
    "memorysetup-bucket-allocator-block-count=8"
    "memorysetup-main-allocator-block-size=16777216"
    "memorysetup-thread-allocator-block-size=16777216"
    "memorysetup-gfx-main-allocator-block-size=16777216"
    "memorysetup-gfx-thread-allocator-block-size=16777216"
    "memorysetup-cache-allocator-block-size=4194304"
    "memorysetup-typetree-allocator-block-size=2097152"
    "memorysetup-profiler-bucket-allocator-granularity=16"
    "memorysetup-profiler-bucket-allocator-bucket-count=8"
    "memorysetup-profiler-bucket-allocator-block-size=33554432"
    "memorysetup-profiler-bucket-allocator-block-count=8"
    "memorysetup-profiler-allocator-block-size=16777216"
    "memorysetup-profiler-editor-allocator-block-size=1048576"
    "memorysetup-temp-allocator-size-main=16777216"
    "memorysetup-job-temp-allocator-block-size=2097152"
    "memorysetup-job-temp-allocator-block-size-background=1048576"
    "memorysetup-job-temp-allocator-reduction-small-platforms=262144"
    "memorysetup-temp-allocator-size-background-worker=32768"
    "memorysetup-temp-allocator-size-job-worker=262144"
    "memorysetup-temp-allocator-size-preload-manager=33554432"
    "memorysetup-temp-allocator-size-nav-mesh-worker=65536"
    "memorysetup-temp-allocator-size-audio-worker=65536"
    "memorysetup-temp-allocator-size-cloud-worker=32768"
    "memorysetup-temp-allocator-size-gi-baking-worker=262144"
    "memorysetup-temp-allocator-size-gfx=262144"
Refreshing native plugins compatible for Editor in 44.29 ms, found 3 plugins.
Preloading 0 native plugins for Editor in 0.00 ms.
Initialize engine version: 2022.1.14f1 (ff7e140968b4)
[Subsystems] Discovering subsystems at path C:/Unity/2022.1.14f1/Editor/Data/Resources/UnitySubsystems
[Subsystems] Discovering subsystems at path C:/Users/migue/OneDrive/Documentos/GitHub/G4-MAP-P1/Assets
GfxDevice: creating device client; threaded=0; jobified=0
Direct3D:
    Version:  Direct3D 11.0 [level 11.1]
    Renderer: Radeon RX 5500M (ID=0x7340)
    Vendor:   ATI
    VRAM:     4055 MB
    Driver:   27.20.14048.3001
Initialize mono
Mono path[0] = 'C:/Unity/2022.1.14f1/Editor/Data/Managed'
Mono path[1] = 'C:/Unity/2022.1.14f1/Editor/Data/MonoBleedingEdge/lib/mono/unityjit-win32'
Mono config path = 'C:/Unity/2022.1.14f1/Editor/Data/MonoBleedingEdge/etc'
Using monoOptions --debugger-agent=transport=dt_socket,embedding=1,server=y,suspend=n,address=127.0.0.1:56264
Begin MonoManager ReloadAssembly
Registering precompiled unity dll's ...
Register platform support module: C:/Unity/2022.1.14f1/Editor/Data/PlaybackEngines/WindowsStandaloneSupport/UnityEditor.WindowsStandalone.Extensions.dll
Registered in 0.004765 seconds.
Native extension for WindowsStandalone target not found
Refreshing native plugins compatible for Editor in 39.72 ms, found 3 plugins.
Preloading 0 native plugins for Editor in 0.00 ms.
Mono: successfully reloaded assembly
- Completed reload, in  0.617 seconds
Domain Reload Profiling:
	ReloadAssembly (617ms)
		BeginReloadAssembly (78ms)
			ExecutionOrderSort (0ms)
			DisableScriptedObjects (0ms)
			BackupInstance (0ms)
			ReleaseScriptingObjects (0ms)
			CreateAndSetChildDomain (1ms)
		EndReloadAssembly (430ms)
			LoadAssemblies (76ms)
			RebuildTransferFunctionScriptingTraits (0ms)
			SetupTypeCache (112ms)
				TypeCache.Initialize (112ms)
					TypeCache.ScanAssembly (110ms)
				ResolveRequiredComponents (0ms)
			ReleaseScriptCaches (0ms)
			RebuildScriptCaches (29ms)
			SetupLoadedEditorAssemblies (235ms)
				LogAssemblyErrors (0ms)
				InitializePlatformSupportModulesInManaged (8ms)
				SetLoadedEditorAssemblies (8ms)
				RefreshPlugins (40ms)
				BeforeProcessingInitializeOnLoad (1ms)
				ProcessInitializeOnLoadAttributes (135ms)
				ProcessInitializeOnLoadMethodAttributes (43ms)
				AfterProcessingInitializeOnLoad (0ms)
				EditorAssembliesLoaded (0ms)
			ExecutionOrderSort2 (0ms)
			AwakeInstancesAfterBackupRestoration (0ms)
Platform modules already initialized, skipping
Registering precompiled user dll's ...
Registered in 0.005338 seconds.
Begin MonoManager ReloadAssembly
Native extension for WindowsStandalone target not found
Refreshing native plugins compatible for Editor in 38.52 ms, found 3 plugins.
Preloading 0 native plugins for Editor in 0.00 ms.
Mono: successfully reloaded assembly
- Completed reload, in  0.964 seconds
Domain Reload Profiling:
	ReloadAssembly (965ms)
		BeginReloadAssembly (118ms)
			ExecutionOrderSort (0ms)
			DisableScriptedObjects (6ms)
			BackupInstance (0ms)
			ReleaseScriptingObjects (0ms)
			CreateAndSetChildDomain (21ms)
		EndReloadAssembly (738ms)
			LoadAssemblies (81ms)
			RebuildTransferFunctionScriptingTraits (0ms)
			SetupTypeCache (183ms)
				TypeCache.Initialize (181ms)
					TypeCache.ScanAssembly (177ms)
				ResolveRequiredComponents (2ms)
			ReleaseScriptCaches (1ms)
			RebuildScriptCaches (46ms)
			SetupLoadedEditorAssemblies (381ms)
				LogAssemblyErrors (0ms)
				InitializePlatformSupportModulesInManaged (4ms)
				SetLoadedEditorAssemblies (7ms)
				RefreshPlugins (39ms)
				BeforeProcessingInitializeOnLoad (66ms)
				ProcessInitializeOnLoadAttributes (221ms)
				ProcessInitializeOnLoadMethodAttributes (38ms)
				AfterProcessingInitializeOnLoad (7ms)
				EditorAssembliesLoaded (0ms)
			ExecutionOrderSort2 (0ms)
			AwakeInstancesAfterBackupRestoration (6ms)
Platform modules already initialized, skipping
========================================================================
Worker process is ready to serve import requests
Launched and connected shader compiler UnityShaderCompiler.exe after 0.05 seconds
Refreshing native plugins compatible for Editor in 0.64 ms, found 3 plugins.
Preloading 0 native plugins for Editor in 0.00 ms.
Unloading 2533 Unused Serialized files (Serialized files now loaded: 0)
Unloading 34 unused Assets / (58.3 KB). Loaded Objects now: 2995.
Memory consumption went from 416.2 MB to 416.1 MB.
Total: 3.389700 ms (FindLiveObjects: 0.228400 ms CreateObjectMapping: 0.153100 ms MarkObjects: 2.934000 ms  DeleteObjects: 0.073100 ms)

AssetImportParameters requested are different than current active one (requested -> active):
  custom:video-decoder-ogg-theora: a1e56fd34408186e4bbccfd4996cb3dc -> 
  custom:container-muxer-webm: aa71ff27fc2769a1b78a27578f13a17b -> 
  custom:container-demuxer-webm: 4f35f7cbe854078d1ac9338744f61a02 -> 
  custom:video-encoder-webm-vp8: eb34c28f22e8b96e1ab97ce403110664 -> 
  custom:audio-encoder-webm-vorbis: bf7c407c2cedff20999df2af8eb42d56 -> 
  custom:framework-win-MediaFoundation: 216162199b28c13a410421893ffa2e32 -> 
  custom:container-demuxer-ogg: 62fdf1f143b41e24485cea50d1cbac27 -> 
  custom:video-decoder-webm-vp8: 9c59270c3fd7afecdb556c50c9e8de78 -> 
  custom:audio-decoder-ogg-vorbis: bf7c407c2cedff20999df2af8eb42d56 -> 
========================================================================
Received Import Request.
  Time since last request: 1344.373505 seconds.
  path: Assets/Materials/Tileset/pipes+buildings_0.asset
  artifactKey: Guid(14eec7b7d7f4dc04daaff13477f76c80) Importer(815301076,1909f56bfc062723c751e8b465ee728b)
Start importing Assets/Materials/Tileset/pipes+buildings_0.asset using Guid(14eec7b7d7f4dc04daaff13477f76c80) Importer(815301076,1909f56bfc062723c751e8b465ee728b)  -> (artifact id: 'f17de38ba109c58dd97584c76db1a3bd') in 0.085106 seconds 
========================================================================
Received Import Request.
  Time since last request: 0.000019 seconds.
  path: Assets/Materials/Tileset/pipes+buildings_11.asset
  artifactKey: Guid(221760733341a4148b979753ddc46aa8) Importer(815301076,1909f56bfc062723c751e8b465ee728b)
Start importing Assets/Materials/Tileset/pipes+buildings_11.asset using Guid(221760733341a4148b979753ddc46aa8) Importer(815301076,1909f56bfc062723c751e8b465ee728b)  -> (artifact id: '7b5abb5b11755abd98f7ba8594e99a05') in 0.010544 seconds 
========================================================================
Received Import Request.
  Time since last request: 0.000025 seconds.
  path: Assets/Materials/Tileset/pipes+buildings_4.asset
  artifactKey: Guid(37c7102c30ace4c4ebfc6132baeac549) Importer(815301076,1909f56bfc062723c751e8b465ee728b)
Start importing Assets/Materials/Tileset/pipes+buildings_4.asset using Guid(37c7102c30ace4c4ebfc6132baeac549) Importer(815301076,1909f56bfc062723c751e8b465ee728b)  -> (artifact id: '9a27cdc30cf16c622581a515d8209d3b') in 0.009890 seconds 
========================================================================
Received Import Request.
  Time since last request: 0.000035 seconds.
  path: Assets/Materials/Tileset/pipes+buildings_8.asset
  artifactKey: Guid(fff6df7c4491d994cb412e654806b6eb) Importer(815301076,1909f56bfc062723c751e8b465ee728b)
Start importing Assets/Materials/Tileset/pipes+buildings_8.asset using Guid(fff6df7c4491d994cb412e654806b6eb) Importer(815301076,1909f56bfc062723c751e8b465ee728b)  -> (artifact id: '4ed32563cb6124d854ab2b9e397d211e') in 0.009537 seconds 
========================================================================
Received Import Request.
  Time since last request: 0.000017 seconds.
  path: Assets/Materials/Tileset/pipes+buildings_3.asset
  artifactKey: Guid(6a97b826ba5a5d6458f6fbad4ed32ba4) Importer(815301076,1909f56bfc062723c751e8b465ee728b)
Start importing Assets/Materials/Tileset/pipes+buildings_3.asset using Guid(6a97b826ba5a5d6458f6fbad4ed32ba4) Importer(815301076,1909f56bfc062723c751e8b465ee728b)  -> (artifact id: 'c5be3e34d0f28d80a915905d06bef9d2') in 0.008432 seconds 
========================================================================
Received Import Request.
  Time since last request: 0.000018 seconds.
  path: Assets/Materials/Tileset/pipes+buildings_1.asset
  artifactKey: Guid(a898d0216381a4041826a6559f4e4e9c) Importer(815301076,1909f56bfc062723c751e8b465ee728b)
Start importing Assets/Materials/Tileset/pipes+buildings_1.asset using Guid(a898d0216381a4041826a6559f4e4e9c) Importer(815301076,1909f56bfc062723c751e8b465ee728b)  -> (artifact id: '2a05de50e3deb97975f768d96c948826') in 0.013104 seconds 
========================================================================
Received Import Request.
  Time since last request: 0.000026 seconds.
  path: Assets/Materials/Tileset/pipes+buildings_12.asset
  artifactKey: Guid(1b2964237efced340849064083048464) Importer(815301076,1909f56bfc062723c751e8b465ee728b)
Start importing Assets/Materials/Tileset/pipes+buildings_12.asset using Guid(1b2964237efced340849064083048464) Importer(815301076,1909f56bfc062723c751e8b465ee728b)  -> (artifact id: '2a0b8e0cc91c3e7396bc514dbe793d17') in 0.013077 seconds 
Editor requested this worker to shutdown with reason: Scaling down because of idle timeout
AssetImportWorker is now disconnected from the server
Process exiting
Exiting without the bug reporter. Application will terminate with return code 0