Using pre-set license
Built from '2022.1/staging' branch; Version is '2022.1.14f1 (ff7e140968b4) revision 16743956'; Using compiler version '192829333'; Build Type 'Release'
OS: 'Windows 10  (10.0.19044) 64bit Professional' Language: 'es' Physical Memory: 15754 MB
BatchMode: 1, IsHumanControllingUs: 0, StartBugReporterOnCrash: 0, Is64bit: 1, IsPro: 1

COMMAND LINE ARGUMENTS:
C:\Unity\2022.1.14f1\Editor\Unity.exe
-adb2
-batchMode
-noUpm
-name
AssetImportWorker6
-projectPath
C:/Users/migue/OneDrive/Documentos/GitHub/G4-MAP-P1
-logFile
Logs/AssetImportWorker6.log
-srvPort
56319
Successfully changed project path to: C:/Users/migue/OneDrive/Documentos/GitHub/G4-MAP-P1
C:/Users/migue/OneDrive/Documentos/GitHub/G4-MAP-P1
[UnityMemory] Configuration Parameters - Can be set up in boot.config
    "memorysetup-bucket-allocator-granularity=16"
    "memorysetup-bucket-allocator-bucket-count=8"
    "memorysetup-bucket-allocator-block-size=33554432"
    "memorysetup-bucket-allocator-block-count=8"
    "memorysetup-main-allocator-block-size=16777216"
    "memorysetup-thread-allocator-block-size=16777216"
    "memorysetup-gfx-main-allocator-block-size=16777216"
    "memorysetup-gfx-thread-allocator-block-size=16777216"
    "memorysetup-cache-allocator-block-size=4194304"
    "memorysetup-typetree-allocator-block-size=2097152"
    "memorysetup-profiler-bucket-allocator-granularity=16"
    "memorysetup-profiler-bucket-allocator-bucket-count=8"
    "memorysetup-profiler-bucket-allocator-block-size=33554432"
    "memorysetup-profiler-bucket-allocator-block-count=8"
    "memorysetup-profiler-allocator-block-size=16777216"
    "memorysetup-profiler-editor-allocator-block-size=1048576"
    "memorysetup-temp-allocator-size-main=16777216"
    "memorysetup-job-temp-allocator-block-size=2097152"
    "memorysetup-job-temp-allocator-block-size-background=1048576"
    "memorysetup-job-temp-allocator-reduction-small-platforms=262144"
    "memorysetup-temp-allocator-size-background-worker=32768"
    "memorysetup-temp-allocator-size-job-worker=262144"
    "memorysetup-temp-allocator-size-preload-manager=33554432"
    "memorysetup-temp-allocator-size-nav-mesh-worker=65536"
    "memorysetup-temp-allocator-size-audio-worker=65536"
    "memorysetup-temp-allocator-size-cloud-worker=32768"
    "memorysetup-temp-allocator-size-gi-baking-worker=262144"
    "memorysetup-temp-allocator-size-gfx=262144"
Refreshing native plugins compatible for Editor in 44.53 ms, found 3 plugins.
Preloading 0 native plugins for Editor in 0.00 ms.
Initialize engine version: 2022.1.14f1 (ff7e140968b4)
[Subsystems] Discovering subsystems at path C:/Unity/2022.1.14f1/Editor/Data/Resources/UnitySubsystems
[Subsystems] Discovering subsystems at path C:/Users/migue/OneDrive/Documentos/GitHub/G4-MAP-P1/Assets
GfxDevice: creating device client; threaded=0; jobified=0
Direct3D:
    Version:  Direct3D 11.0 [level 11.1]
    Renderer: Radeon RX 5500M (ID=0x7340)
    Vendor:   ATI
    VRAM:     4055 MB
    Driver:   27.20.14048.3001
Initialize mono
Mono path[0] = 'C:/Unity/2022.1.14f1/Editor/Data/Managed'
Mono path[1] = 'C:/Unity/2022.1.14f1/Editor/Data/MonoBleedingEdge/lib/mono/unityjit-win32'
Mono config path = 'C:/Unity/2022.1.14f1/Editor/Data/MonoBleedingEdge/etc'
Using monoOptions --debugger-agent=transport=dt_socket,embedding=1,server=y,suspend=n,address=127.0.0.1:56848
Begin MonoManager ReloadAssembly
Registering precompiled unity dll's ...
Register platform support module: C:/Unity/2022.1.14f1/Editor/Data/PlaybackEngines/WindowsStandaloneSupport/UnityEditor.WindowsStandalone.Extensions.dll
Registered in 0.004905 seconds.
Native extension for WindowsStandalone target not found
Refreshing native plugins compatible for Editor in 41.05 ms, found 3 plugins.
Preloading 0 native plugins for Editor in 0.00 ms.
Mono: successfully reloaded assembly
- Completed reload, in  0.608 seconds
Domain Reload Profiling:
	ReloadAssembly (608ms)
		BeginReloadAssembly (75ms)
			ExecutionOrderSort (0ms)
			DisableScriptedObjects (0ms)
			BackupInstance (0ms)
			ReleaseScriptingObjects (0ms)
			CreateAndSetChildDomain (1ms)
		EndReloadAssembly (418ms)
			LoadAssemblies (73ms)
			RebuildTransferFunctionScriptingTraits (0ms)
			SetupTypeCache (106ms)
				TypeCache.Initialize (106ms)
					TypeCache.ScanAssembly (104ms)
				ResolveRequiredComponents (0ms)
			ReleaseScriptCaches (0ms)
			RebuildScriptCaches (25ms)
			SetupLoadedEditorAssemblies (232ms)
				LogAssemblyErrors (0ms)
				InitializePlatformSupportModulesInManaged (8ms)
				SetLoadedEditorAssemblies (8ms)
				RefreshPlugins (41ms)
				BeforeProcessingInitializeOnLoad (1ms)
				ProcessInitializeOnLoadAttributes (131ms)
				ProcessInitializeOnLoadMethodAttributes (43ms)
				AfterProcessingInitializeOnLoad (0ms)
				EditorAssembliesLoaded (0ms)
			ExecutionOrderSort2 (0ms)
			AwakeInstancesAfterBackupRestoration (0ms)
Platform modules already initialized, skipping
Registering precompiled user dll's ...
Registered in 0.006704 seconds.
Begin MonoManager ReloadAssembly
Native extension for WindowsStandalone target not found
Refreshing native plugins compatible for Editor in 41.16 ms, found 3 plugins.
Preloading 0 native plugins for Editor in 0.00 ms.
Mono: successfully reloaded assembly
- Completed reload, in  1.010 seconds
Domain Reload Profiling:
	ReloadAssembly (1011ms)
		BeginReloadAssembly (116ms)
			ExecutionOrderSort (0ms)
			DisableScriptedObjects (5ms)
			BackupInstance (0ms)
			ReleaseScriptingObjects (0ms)
			CreateAndSetChildDomain (23ms)
		EndReloadAssembly (782ms)
			LoadAssemblies (83ms)
			RebuildTransferFunctionScriptingTraits (0ms)
			SetupTypeCache (191ms)
				TypeCache.Initialize (187ms)
					TypeCache.ScanAssembly (183ms)
				ResolveRequiredComponents (3ms)
			ReleaseScriptCaches (1ms)
			RebuildScriptCaches (49ms)
			SetupLoadedEditorAssemblies (402ms)
				LogAssemblyErrors (0ms)
				InitializePlatformSupportModulesInManaged (5ms)
				SetLoadedEditorAssemblies (6ms)
				RefreshPlugins (41ms)
				BeforeProcessingInitializeOnLoad (71ms)
				ProcessInitializeOnLoadAttributes (232ms)
				ProcessInitializeOnLoadMethodAttributes (40ms)
				AfterProcessingInitializeOnLoad (7ms)
				EditorAssembliesLoaded (0ms)
			ExecutionOrderSort2 (0ms)
			AwakeInstancesAfterBackupRestoration (6ms)
Platform modules already initialized, skipping
========================================================================
Worker process is ready to serve import requests
Launched and connected shader compiler UnityShaderCompiler.exe after 0.05 seconds
Refreshing native plugins compatible for Editor in 0.63 ms, found 3 plugins.
Preloading 0 native plugins for Editor in 0.00 ms.
Unloading 2533 Unused Serialized files (Serialized files now loaded: 0)
Unloading 34 unused Assets / (58.3 KB). Loaded Objects now: 2995.
Memory consumption went from 416.2 MB to 416.1 MB.
Total: 3.451800 ms (FindLiveObjects: 0.202000 ms CreateObjectMapping: 0.135300 ms MarkObjects: 3.041800 ms  DeleteObjects: 0.071900 ms)

AssetImportParameters requested are different than current active one (requested -> active):
  custom:video-decoder-ogg-theora: a1e56fd34408186e4bbccfd4996cb3dc -> 
  custom:container-muxer-webm: aa71ff27fc2769a1b78a27578f13a17b -> 
  custom:container-demuxer-webm: 4f35f7cbe854078d1ac9338744f61a02 -> 
  custom:video-encoder-webm-vp8: eb34c28f22e8b96e1ab97ce403110664 -> 
  custom:audio-encoder-webm-vorbis: bf7c407c2cedff20999df2af8eb42d56 -> 
  custom:framework-win-MediaFoundation: 216162199b28c13a410421893ffa2e32 -> 
  custom:container-demuxer-ogg: 62fdf1f143b41e24485cea50d1cbac27 -> 
  custom:video-decoder-webm-vp8: 9c59270c3fd7afecdb556c50c9e8de78 -> 
  custom:audio-decoder-ogg-vorbis: bf7c407c2cedff20999df2af8eb42d56 -> 
========================================================================
Received Import Request.
  Time since last request: 1451.059390 seconds.
  path: Assets/Materials/Tileset/pipes+buildings_14.asset
  artifactKey: Guid(1d95be855717cfd40a7c508d04fc132b) Importer(815301076,1909f56bfc062723c751e8b465ee728b)
Start importing Assets/Materials/Tileset/pipes+buildings_14.asset using Guid(1d95be855717cfd40a7c508d04fc132b) Importer(815301076,1909f56bfc062723c751e8b465ee728b)  -> (artifact id: 'e013a24c5555980e8f016f597744adf0') in 0.092338 seconds 
========================================================================
Received Import Request.
  Time since last request: 0.182852 seconds.
  path: Assets/Materials/Tileset/pipes+buildings_17.asset
  artifactKey: Guid(c7e7bc672414c5045a3f3385b41900b4) Importer(815301076,1909f56bfc062723c751e8b465ee728b)
Start importing Assets/Materials/Tileset/pipes+buildings_17.asset using Guid(c7e7bc672414c5045a3f3385b41900b4) Importer(815301076,1909f56bfc062723c751e8b465ee728b)  -> (artifact id: 'aff345d6fa6690b71182eb6fac9772a6') in 0.015011 seconds 
========================================================================
Received Import Request.
  Time since last request: 0.002043 seconds.
  path: Assets/Materials/Tileset/pipes+buildings_18.asset
  artifactKey: Guid(71eced39d3cae7e4f850997dc6498cff) Importer(815301076,1909f56bfc062723c751e8b465ee728b)
Start importing Assets/Materials/Tileset/pipes+buildings_18.asset using Guid(71eced39d3cae7e4f850997dc6498cff) Importer(815301076,1909f56bfc062723c751e8b465ee728b)  -> (artifact id: 'ee468ec2405520a993f398f762cc290f') in 0.012962 seconds 
========================================================================
Received Import Request.
  Time since last request: 0.000038 seconds.
  path: Assets/Materials/Tileset/pipes+buildings_19.asset
  artifactKey: Guid(ce2399a6f320fae4db1089a9bff7e5f5) Importer(815301076,1909f56bfc062723c751e8b465ee728b)
Start importing Assets/Materials/Tileset/pipes+buildings_19.asset using Guid(ce2399a6f320fae4db1089a9bff7e5f5) Importer(815301076,1909f56bfc062723c751e8b465ee728b)  -> (artifact id: 'de2cdb98ab0215ec59934827abcd027e') in 0.011745 seconds 
========================================================================
Received Import Request.
  Time since last request: 30.928102 seconds.
  path: Assets/Materials/Tileset/pipes+buildings_2 1.asset
  artifactKey: Guid(f17fda78f8b90484ea4c1f9cacf46de8) Importer(815301076,1909f56bfc062723c751e8b465ee728b)
Start importing Assets/Materials/Tileset/pipes+buildings_2 1.asset using Guid(f17fda78f8b90484ea4c1f9cacf46de8) Importer(815301076,1909f56bfc062723c751e8b465ee728b)  -> (artifact id: '1fa86596742d9ceadcbea2c66275983a') in 0.014332 seconds 
========================================================================
Received Import Request.
  Time since last request: 0.003314 seconds.
  path: Assets/Materials/Tileset/pipes+buildings_4 1.asset
  artifactKey: Guid(1a1a357cd9c6dff4a83881b63479dfd3) Importer(815301076,1909f56bfc062723c751e8b465ee728b)
Start importing Assets/Materials/Tileset/pipes+buildings_4 1.asset using Guid(1a1a357cd9c6dff4a83881b63479dfd3) Importer(815301076,1909f56bfc062723c751e8b465ee728b)  -> (artifact id: '73f4b02d4b0933aa07acef4b8ad71592') in 0.015230 seconds 
========================================================================
Received Import Request.
  Time since last request: 0.000042 seconds.
  path: Assets/Materials/Tileset/pipes+buildings_6 1.asset
  artifactKey: Guid(990698d65cbc7804cb7cfa4bf9cee86a) Importer(815301076,1909f56bfc062723c751e8b465ee728b)
Start importing Assets/Materials/Tileset/pipes+buildings_6 1.asset using Guid(990698d65cbc7804cb7cfa4bf9cee86a) Importer(815301076,1909f56bfc062723c751e8b465ee728b)  -> (artifact id: '5dbb851e9d73619709e8f083d41b9ebf') in 0.018731 seconds 
========================================================================
Received Import Request.
  Time since last request: 1.301019 seconds.
  path: Assets/Materials/Tileset/pipes+buildings_10 1.asset
  artifactKey: Guid(80b62ac8399234842885aeefe01b8064) Importer(815301076,1909f56bfc062723c751e8b465ee728b)
Start importing Assets/Materials/Tileset/pipes+buildings_10 1.asset using Guid(80b62ac8399234842885aeefe01b8064) Importer(815301076,1909f56bfc062723c751e8b465ee728b)  -> (artifact id: 'bfba36878887b43ad8fe0487f14c6ff4') in 0.013768 seconds 
========================================================================
Received Import Request.
  Time since last request: 0.015744 seconds.
  path: Assets/Materials/Tileset/pipes+buildings_13 1.asset
  artifactKey: Guid(0ca3e53f7e79e8c49acd504717c9c80f) Importer(815301076,1909f56bfc062723c751e8b465ee728b)
Start importing Assets/Materials/Tileset/pipes+buildings_13 1.asset using Guid(0ca3e53f7e79e8c49acd504717c9c80f) Importer(815301076,1909f56bfc062723c751e8b465ee728b)  -> (artifact id: '9c74d5513d8bcd880798c1a129891d5f') in 0.008426 seconds 
========================================================================
Received Import Request.
  Time since last request: 0.003831 seconds.
  path: Assets/Materials/Tileset/pipes+buildings_16 1.asset
  artifactKey: Guid(6c6eeba7a5588d142b0320fcdfd095de) Importer(815301076,1909f56bfc062723c751e8b465ee728b)
Start importing Assets/Materials/Tileset/pipes+buildings_16 1.asset using Guid(6c6eeba7a5588d142b0320fcdfd095de) Importer(815301076,1909f56bfc062723c751e8b465ee728b)  -> (artifact id: '42b1988b91687724c32abede034d2379') in 0.007504 seconds 
========================================================================
Received Import Request.
  Time since last request: 0.442234 seconds.
  path: Assets/Materials/Tileset/pipes+buildings_20 1.asset
  artifactKey: Guid(3cb9d670d925e4a4c987d9826e9672ce) Importer(815301076,1909f56bfc062723c751e8b465ee728b)
Start importing Assets/Materials/Tileset/pipes+buildings_20 1.asset using Guid(3cb9d670d925e4a4c987d9826e9672ce) Importer(815301076,1909f56bfc062723c751e8b465ee728b)  -> (artifact id: '2323e2928fbfee110b83895f5515b0e9') in 0.008123 seconds 
Editor requested this worker to shutdown with reason: Scaling down because of idle timeout
AssetImportWorker is now disconnected from the server
Process exiting
Exiting without the bug reporter. Application will terminate with return code 0